Resolving dependencies...
Downloading packages...
  characters 1.4.0 (1.4.1 available)
  matcher 0.12.17 (0.12.18 available)
  material_color_utilities 0.11.1 (0.13.0 available)
  meta 1.17.0 (1.18.0 available)
  mgrs_dart 2.0.0 (3.0.0 available)
  proj4dart 2.1.0 (3.0.0 available)
  test_api 0.7.7 (0.7.9 available)
  timezone 0.10.1 (0.11.0 available)
  unicode 0.3.1 (1.1.9 available)
Got dependencies!
9 packages have newer versions incompatible with dependency constraints.
Try `flutter pub outdated` for more information.
Running Gradle task 'assembleDebug'...                          
flutter : 
At line:1 char:1
+ flutter build apk 
--debug 2>&1 | 
Out-File -Encoding 
utf8 build_log_2. ...
+ ~~~~~~~~~~~~~~~~~~~
~~~~~~~~~~~
    + CategoryInfo   
           : NotS    
pecified: (:Str    
ing) [], Remote    
Exception
    + FullyQualifie  
  dErrorId : Nati    
veCommandError
 
FAILURE: Build 
failed with an 
exception.

* What went wrong:
Execution failed for 
task ':app:checkDebug
AarMetadata'.
> A failure occurred 
while executing com.a
ndroid.build.gradle.i
nternal.tasks.CheckAa
rMetadataWorkAction
   > An issue was 
found when checking 
AAR metadata:

       1.  
Dependency ':flutter_
local_notifications' 
requires 
desugar_jdk_libs 
version to be
           2.1.4 or 
above for :app, 
which is currently 
2.0.3

           See https:
//d.android.com/studi
o/build/library-desug
aring for more
           details.

* Try:
> Run with 
--stacktrace option 
to get the stack 
trace.
> Run with --info or 
--debug option to 
get more log output.
> Run with --scan to 
get full insights.
> Get more help at ht
tps://help.gradle.org
.

BUILD FAILED in 1m 
45s
Running Gradle task 'assembleDebug'...                            108.1s
Gradle task 
assembleDebug failed 
with exit code 1
